[debug] [2023-10-28T22:33:11.140Z] ----------------------------------------------------------------------
[debug] [2023-10-28T22:33:11.144Z] Command:       C:\Program Files\nodejs\node.exe C:\Users\Thiraj\AppData\Roaming\npm\node_modules\firebase-tools\lib\bin\firebase.js init
[debug] [2023-10-28T22:33:11.144Z] CLI Version:   12.7.0
[debug] [2023-10-28T22:33:11.144Z] Platform:      win32
[debug] [2023-10-28T22:33:11.144Z] Node Version:  v20.9.0
[debug] [2023-10-28T22:33:11.145Z] Time:          Sun Oct 29 2023 04:03:11 GMT+0530 (India Standard Time)
[debug] [2023-10-28T22:33:11.145Z] ----------------------------------------------------------------------
[debug] 
[debug] [2023-10-28T22:33:11.156Z] > command requires scopes: ["email","openid","https://www.googleapis.com/auth/cloudplatformprojects.readonly","https://www.googleapis.com/auth/firebase","https://www.googleapis.com/auth/cloud-platform"]
[debug] [2023-10-28T22:33:11.157Z] > authorizing via signed-in user (dhiraj30498@gmail.com)
[info] 
     ######## #### ########  ######## ########     ###     ######  ########
     ##        ##  ##     ## ##       ##     ##  ##   ##  ##       ##
     ######    ##  ########  ######   ########  #########  ######  ######
     ##        ##  ##    ##  ##       ##     ## ##     ##       ## ##
     ##       #### ##     ## ######## ########  ##     ##  ######  ########

You're about to initialize a Firebase project in this directory:

  C:\Users\Thiraj\Downloads\devconnector_2.0-master\client

[info] 
=== Project Setup
[info] 
[info] First, let's associate this project directory with a Firebase project.
[info] You can create multiple project aliases by running firebase use --add, 
[info] but for now we'll just set up a default project.
[info] 
[debug] [2023-10-28T22:34:00.960Z] >>> [apiv2][query] GET https://firebase.googleapis.com/v1beta1/projects pageSize=100
[debug] [2023-10-28T22:34:03.846Z] <<< [apiv2][status] GET https://firebase.googleapis.com/v1beta1/projects 200
[debug] [2023-10-28T22:34:03.847Z] <<< [apiv2][body] GET https://firebase.googleapis.com/v1beta1/projects [omitted]
[info] i  Using project dev-community-3282a (dev-community) 
[info] 
=== Hosting Setup
[info] 
[info] Your public directory is the folder (relative to your project directory) that
[info] will contain Hosting assets to be uploaded with firebase deploy. If you
[info] have a build process for your assets, use your build's output directory.
[info] 
[debug] [2023-10-28T22:34:45.786Z] >>> [apiv2][query] GET https://www.gstatic.com/firebasejs/releases.json [none]
[debug] [2023-10-28T22:34:46.496Z] <<< [apiv2][status] GET https://www.gstatic.com/firebasejs/releases.json 200
[debug] [2023-10-28T22:34:46.497Z] <<< [apiv2][body] GET https://www.gstatic.com/firebasejs/releases.json {"current":{"version":"10.5.2","browserURL":"https://www.gstatic.com/firebasejs/10.5.2/firebase.js","packageURL":"https://www.gstatic.com/firebasejs/10.5.2/firebase.tgz"},"live":{"version":"10.5","browserURL":"https://www.gstatic.com/firebasejs/live/10.5/firebase.js","packageURL":"https://www.gstatic.com/firebasejs/live/10.5/firebase.tgz"},"components":{"analytics":"https://www.gstatic.com/firebasejs/10.5.2/firebase-analytics.js","app":"https://www.gstatic.com/firebasejs/10.5.2/firebase-app.js","app-check":"https://www.gstatic.com/firebasejs/10.5.2/firebase-app-check.js","auth":"https://www.gstatic.com/firebasejs/10.5.2/firebase-auth.js","auth/cordova":"https://www.gstatic.com/firebasejs/10.5.2/firebase-auth/cordova.js","functions":"https://www.gstatic.com/firebasejs/10.5.2/firebase-functions.js","firestore":"https://www.gstatic.com/firebasejs/10.5.2/firebase-firestore.js","firestore/lite":"https://www.gstatic.com/firebasejs/10.5.2/firebase-firestore/lite.js","installations":"https://www.gstatic.com/firebasejs/10.5.2/firebase-installations.js","storage":"https://www.gstatic.com/firebasejs/10.5.2/firebase-storage.js","performance":"https://www.gstatic.com/firebasejs/10.5.2/firebase-performance.js","remote-config":"https://www.gstatic.com/firebasejs/10.5.2/firebase-remote-config.js","messaging":"https://www.gstatic.com/firebasejs/10.5.2/firebase-messaging.js","messaging/sw":"https://www.gstatic.com/firebasejs/10.5.2/firebase-messaging/sw.js","database":"https://www.gstatic.com/firebasejs/10.5.2/firebase-database.js","firestore.memory":"https://www.gstatic.com/firebasejs/10.5.2/firebase-firestore.memory.js"}}
[info] i  Skipping write of build/index.html 
[info] 
[info] i  Didn't detect a .git folder. Assuming C:\Users\Thiraj\Downloads\devconnector_2.0-master\client is the project root. 
[info] i  Authorizing with GitHub to upload your service account to a GitHub repository's secrets store. 
[info] 
[info] Visit this URL on this device to log in:
[info] https://github.com/login/oauth/authorize?client_id=89cf50f02ac6aaed3484&state=724300911&redirect_uri=http%3A%2F%2Flocalhost%3A9005&scope=read%3Auser%20repo%20public_repo
[info] 
[info] Waiting for authentication...
[debug] [2023-10-28T22:36:07.462Z] >>> [apiv2][query] POST https://github.com/login/oauth/access_token [none]
[debug] [2023-10-28T22:36:07.462Z] >>> [apiv2][body] POST https://github.com/login/oauth/access_token [stream]
[debug] [2023-10-28T22:36:08.014Z] <<< [apiv2][status] POST https://github.com/login/oauth/access_token 200
[debug] [2023-10-28T22:36:08.014Z] <<< [apiv2][body] POST https://github.com/login/oauth/access_token {"access_token":"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","token_type":"bearer","scope":"read:user,repo"}
[debug] [2023-10-28T22:36:08.020Z] >>> [apiv2][query] GET https://api.github.com/user [none]
[debug] [2023-10-28T22:36:08.590Z] <<< [apiv2][status] GET https://api.github.com/user 200
[debug] [2023-10-28T22:36:08.591Z] <<< [apiv2][body] GET https://api.github.com/user {"login":"dhirajkaushik321","id":38487258,"node_id":"MDQ6VXNlcjM4NDg3MjU4","avatar_url":"https://avatars.githubusercontent.com/u/38487258?v=4","gravatar_id":"","url":"https://api.github.com/users/dhirajkaushik321","html_url":"https://github.com/dhirajkaushik321","followers_url":"https://api.github.com/users/dhirajkaushik321/followers","following_url":"https://api.github.com/users/dhirajkaushik321/following{/other_user}","gists_url":"https://api.github.com/users/dhirajkaushik321/gists{/gist_id}","starred_url":"https://api.github.com/users/dhirajkaushik321/starred{/owner}{/repo}","subscriptions_url":"https://api.github.com/users/dhirajkaushik321/subscriptions","organizations_url":"https://api.github.com/users/dhirajkaushik321/orgs","repos_url":"https://api.github.com/users/dhirajkaushik321/repos","events_url":"https://api.github.com/users/dhirajkaushik321/events{/privacy}","received_events_url":"https://api.github.com/users/dhirajkaushik321/received_events","type":"User","site_admin":false,"name":"Dhiraj Kaushik","company":null,"blog":"","location":null,"email":null,"hireable":null,"bio":null,"twitter_username":null,"public_repos":37,"public_gists":0,"followers":2,"following":3,"created_at":"2018-04-18T06:10:01Z","updated_at":"2023-10-27T19:13:24Z","private_gists":0,"total_private_repos":4,"owned_private_repos":4,"disk_usage":44926,"collaborators":4,"two_factor_authentication":false,"plan":{"name":"free","space":976562499,"collaborators":0,"private_repos":10000}}
[info] 
[info] +  Success! Logged into GitHub as dhirajkaushik321 
[info] 
